<Deploy>
  <LastDeployTime>2016-05-31 21:28:40</LastDeployTime>
  <LastDeployData><![CDATA[<?xml version="1.0"?>
<component xmlns:xsi="http://www.w3.org/2001/XMLSchema-instance" xmlns:xsd="http://www.w3.org/2001/XMLSchema" code="designschema_com_toone_v3_platform_ui_widget_mobile_map" name="地图控件" desc="">
  <windows />
  <logics />
  <models />
  <variants />
  <options />
  <querys />
  <resourcePackages />
  <expressions />
  <menuItems />
  <resources>
    <resource type="image" fullName="Fileno.jpg" fileCode="Fileno" isDeleted="false">
      <content>resource/Fileno.jpg</content>
    </resource>
  </resources>
  <manifest>
    <bundle-info>
      <symbolic-name>designschema_com_toone_v3_platform_ui_widget_mobile_map</symbolic-name>
      <bundle-name>地图控件</bundle-name>
      <bundle-version>3.4.1.SNAPSHOT</bundle-version>
      <bundle-type>DesignSchema</bundle-type>
      <bundle-metadata>&lt;MetaDataEntity&gt;
    &lt;ComponentCategory&gt;Control&lt;/ComponentCategory&gt;
    &lt;Forms /&gt;
    &lt;Datas&gt;
        &lt;MetaDataKeyValueEntity&gt;
            &lt;Key&gt;WindowType&lt;/Key&gt;
            &lt;Value&gt;2&lt;/Value&gt;
        &lt;/MetaDataKeyValueEntity&gt;
        &lt;MetaDataKeyValueEntity&gt;
            &lt;Key&gt;Type&lt;/Key&gt;
            &lt;Value&gt;JGMMap&lt;/Value&gt;
        &lt;/MetaDataKeyValueEntity&gt;
    &lt;/Datas&gt;
    &lt;ControlMeta&gt;&amp;lt;Control Code="JGMMap" Name="地图控件" IsValueMode="false" IsBusiness="true" IsContainer="false" IsColumnMetaData="false" Category="generalComponent" IsSecondaryDev="true" DesignUrl="Toone.V3.DevSystem.Common.Controls|Toone.V3.DevSystem.Common.Controls.CommonControl.Mobile.CommonSecDevControlForMobile" Image="resource\Fileno.jpg" Thumbnail="resource\Fileno.jpg" StyleTemplate="" IsUseStlyeTemplate="false" Visible="true" WindowType="2" ChildExtPoint="" ChildExtension="" Author="Toone" Version="3.4.1.SNAPSHOT" VersionTime="201605092311" Remark=""&amp;gt;
  &amp;lt;Propertys&amp;gt;
    &amp;lt;Property Code="Code" Name="控件编码" PropertyValueType="System.String" PropertyEditor="" DropDownItems="" InitValue="Code1" Category="Other" IsComplexValue="false" IsMust="false" IsAllowEditor="true" IsAllowHand="true" Visible="true" IsCommon="true" IsStyle="false" IsDataSource="false" IsDataMember="false" IsCanGenerateCode="true" IsNeedDeploy="true" IsAllowSetValue="false" IsAllowGetValue="true" OrderNo="1" VerifyRex="" Remark="" /&amp;gt;
    &amp;lt;Property Code="Spacing" Name="外边距" PropertyValueType="System.Windows.Forms.Padding" PropertyEditor="" DropDownItems="" InitValue="0,0,0,0" Category="Layout" IsComplexValue="false" IsMust="false" IsAllowEditor="true" IsAllowHand="true" Visible="true" IsCommon="true" IsStyle="false" IsDataSource="false" IsDataMember="false" IsCanGenerateCode="true" IsNeedDeploy="true" IsAllowSetValue="false" IsAllowGetValue="false" OrderNo="2" VerifyRex="" Remark="" /&amp;gt;
    &amp;lt;Property Code="Visible" Name="显示" PropertyValueType="System.Boolean" PropertyEditor="" DropDownItems="" InitValue="true" Category="Layout" IsComplexValue="false" IsMust="false" IsAllowEditor="true" IsAllowHand="true" Visible="true" IsCommon="true" IsStyle="true" IsDataSource="false" IsDataMember="false" IsCanGenerateCode="true" IsNeedDeploy="true" IsAllowSetValue="true" IsAllowGetValue="true" OrderNo="3" VerifyRex="" Remark="" /&amp;gt;
    &amp;lt;Property Code="DisplayScale" Name="显示比例" PropertyValueType="System.String" PropertyEditor="DisplayScaleEditorForChild" DropDownItems="" InitValue="12" Category="Layout" IsComplexValue="false" IsMust="false" IsAllowEditor="true" IsAllowHand="true" Visible="true" IsCommon="true" IsStyle="false" IsDataSource="false" IsDataMember="false" IsCanGenerateCode="true" IsNeedDeploy="true" IsAllowSetValue="false" IsAllowGetValue="false" OrderNo="4" VerifyRex="" Remark="" /&amp;gt;
    &amp;lt;Property Code="HeightPercent" Name="高度百分比" PropertyValueType="System.Int32" PropertyEditor="" DropDownItems="" InitValue="100" Category="Layout" IsComplexValue="false" IsMust="false" IsAllowEditor="true" IsAllowHand="true" Visible="true" IsCommon="false" IsStyle="false" IsDataSource="false" IsDataMember="false" IsCanGenerateCode="true" IsNeedDeploy="true" IsAllowSetValue="false" IsAllowGetValue="false" OrderNo="5" VerifyRex="" Remark="" /&amp;gt;
    &amp;lt;Property Code="ReadOnly" Name="只读" PropertyValueType="System.Boolean" PropertyEditor="" DropDownItems="" InitValue="false" Category="Layout" IsComplexValue="false" IsMust="false" IsAllowEditor="true" IsAllowHand="true" Visible="true" IsCommon="true" IsStyle="false" IsDataSource="false" IsDataMember="false" IsCanGenerateCode="true" IsNeedDeploy="true" IsAllowSetValue="true" IsAllowGetValue="true" OrderNo="6" VerifyRex="" Remark="" /&amp;gt;
    &amp;lt;Property Code="InfoVisible" Name="默认显示标注信息" PropertyValueType="System.Boolean" PropertyEditor="" DropDownItems="" InitValue="true" Category="Layout" IsComplexValue="false" IsMust="false" IsAllowEditor="true" IsAllowHand="true" Visible="true" IsCommon="true" IsStyle="true" IsDataSource="false" IsDataMember="false" IsCanGenerateCode="true" IsNeedDeploy="true" IsAllowSetValue="true" IsAllowGetValue="true" OrderNo="7" VerifyRex="" Remark="" /&amp;gt;
    &amp;lt;Property Code="ZoomVisible" Name="显示放大缩小键" PropertyValueType="System.Boolean" PropertyEditor="" DropDownItems="" InitValue="true" Category="Layout" IsComplexValue="false" IsMust="false" IsAllowEditor="true" IsAllowHand="true" Visible="true" IsCommon="true" IsStyle="false" IsDataSource="false" IsDataMember="false" IsCanGenerateCode="true" IsNeedDeploy="true" IsAllowSetValue="true" IsAllowGetValue="true" OrderNo="8" VerifyRex="" Remark="" /&amp;gt;
    &amp;lt;Property Code="GPSVisible" Name="显示获取当前位置" PropertyValueType="System.Boolean" PropertyEditor="" DropDownItems="" InitValue="true" Category="Layout" IsComplexValue="false" IsMust="false" IsAllowEditor="true" IsAllowHand="true" Visible="true" IsCommon="true" IsStyle="false" IsDataSource="false" IsDataMember="false" IsCanGenerateCode="true" IsNeedDeploy="true" IsAllowSetValue="true" IsAllowGetValue="true" OrderNo="9" VerifyRex="" Remark="" /&amp;gt;
    &amp;lt;Property Code="OnClick" Name="只读单击事件" PropertyValueType="System.String" PropertyEditor="ActionListEditor" DropDownItems="" InitValue="" Category="Event" IsComplexValue="false" IsMust="false" IsAllowEditor="true" IsAllowHand="false" Visible="true" IsCommon="true" IsStyle="false" IsDataSource="false" IsDataMember="false" IsCanGenerateCode="true" IsNeedDeploy="false" IsAllowSetValue="false" IsAllowGetValue="false" OrderNo="10" VerifyRex="" Remark="单击事件" /&amp;gt;
    &amp;lt;Property Code="OnMarkerClick" Name="单击标注点事件" PropertyValueType="System.String" PropertyEditor="ActionListEditor" DropDownItems="" InitValue="" Category="Event" IsComplexValue="false" IsMust="false" IsAllowEditor="true" IsAllowHand="false" Visible="true" IsCommon="true" IsStyle="false" IsDataSource="false" IsDataMember="false" IsCanGenerateCode="true" IsNeedDeploy="false" IsAllowSetValue="false" IsAllowGetValue="false" OrderNo="11" VerifyRex="" Remark="单击标注点事件" /&amp;gt;
    &amp;lt;Property Code="OnDrag" Name="地图拖拽事件" PropertyValueType="System.String" PropertyEditor="ActionListEditor" DropDownItems="" InitValue="" Category="Event" IsComplexValue="false" IsMust="false" IsAllowEditor="true" IsAllowHand="false" Visible="true" IsCommon="true" IsStyle="false" IsDataSource="false" IsDataMember="false" IsCanGenerateCode="true" IsNeedDeploy="false" IsAllowSetValue="false" IsAllowGetValue="false" OrderNo="12" VerifyRex="" Remark="地图拖拽事件" /&amp;gt;
    &amp;lt;Property Code="TableName" Name="实体名" PropertyValueType="System.String" PropertyEditor="SelectTableEditor" DropDownItems="" InitValue="" Category="Data" IsComplexValue="false" IsMust="false" IsAllowEditor="true" IsAllowHand="false" Visible="true" IsCommon="true" IsStyle="false" IsDataSource="true" IsDataMember="false" IsCanGenerateCode="true" IsNeedDeploy="true" IsAllowSetValue="false" IsAllowGetValue="false" OrderNo="13" VerifyRex="" Remark="" /&amp;gt;
    &amp;lt;Property Code="AddressColumn" Name="地址字段" PropertyValueType="System.String" PropertyEditor="SelectColumnEditor" DropDownItems="" InitValue="" Category="Data" IsComplexValue="false" IsMust="false" IsAllowEditor="true" IsAllowHand="false" Visible="true" IsCommon="true" IsStyle="false" IsDataSource="false" IsDataMember="true" IsCanGenerateCode="true" IsNeedDeploy="true" IsAllowSetValue="false" IsAllowGetValue="false" OrderNo="14" VerifyRex="" Remark="" /&amp;gt;
    &amp;lt;Property Code="LongitudeColumn" Name="经度字段" PropertyValueType="System.String" PropertyEditor="SelectColumnEditor" DropDownItems="" InitValue="" Category="Data" IsComplexValue="false" IsMust="false" IsAllowEditor="true" IsAllowHand="false" Visible="true" IsCommon="true" IsStyle="false" IsDataSource="false" IsDataMember="true" IsCanGenerateCode="true" IsNeedDeploy="true" IsAllowSetValue="false" IsAllowGetValue="false" OrderNo="15" VerifyRex="" Remark="" /&amp;gt;
    &amp;lt;Property Code="LatitudeColumn" Name="纬度字段" PropertyValueType="System.String" PropertyEditor="SelectColumnEditor" DropDownItems="" InitValue="" Category="Data" IsComplexValue="false" IsMust="false" IsAllowEditor="true" IsAllowHand="false" Visible="true" IsCommon="true" IsStyle="false" IsDataSource="false" IsDataMember="true" IsCanGenerateCode="true" IsNeedDeploy="true" IsAllowSetValue="false" IsAllowGetValue="false" OrderNo="16" VerifyRex="" Remark="" /&amp;gt;
    &amp;lt;Property Code="StartAddress" Name="起点地址" PropertyValueType="System.String" PropertyEditor="" DropDownItems="" InitValue="" Category="Data" IsComplexValue="false" IsMust="false" IsAllowEditor="true" IsAllowHand="true" Visible="false" IsCommon="true" IsStyle="false" IsDataSource="false" IsDataMember="false" IsCanGenerateCode="true" IsNeedDeploy="true" IsAllowSetValue="true" IsAllowGetValue="true" OrderNo="17" VerifyRex="" Remark="" /&amp;gt;
    &amp;lt;Property Code="EndAddress" Name="终点地址" PropertyValueType="System.String" PropertyEditor="" DropDownItems="" InitValue="" Category="Data" IsComplexValue="false" IsMust="false" IsAllowEditor="true" IsAllowHand="true" Visible="false" IsCommon="true" IsStyle="false" IsDataSource="false" IsDataMember="false" IsCanGenerateCode="true" IsNeedDeploy="true" IsAllowSetValue="true" IsAllowGetValue="true" OrderNo="18" VerifyRex="" Remark="" /&amp;gt;
    &amp;lt;Property Code="TargetLng" Name="目标位置经度" PropertyValueType="System.String" PropertyEditor="" DropDownItems="" InitValue="" Category="Data" IsComplexValue="false" IsMust="false" IsAllowEditor="true" IsAllowHand="false" Visible="false" IsCommon="true" IsStyle="false" IsDataSource="false" IsDataMember="false" IsCanGenerateCode="true" IsNeedDeploy="true" IsAllowSetValue="true" IsAllowGetValue="true" OrderNo="19" VerifyRex="" Remark="" /&amp;gt;
    &amp;lt;Property Code="TargetLat" Name="目标位置纬度" PropertyValueType="System.String" PropertyEditor="" DropDownItems="" InitValue="" Category="Data" IsComplexValue="false" IsMust="false" IsAllowEditor="true" IsAllowHand="false" Visible="false" IsCommon="true" IsStyle="false" IsDataSource="false" IsDataMember="false" IsCanGenerateCode="true" IsNeedDeploy="true" IsAllowSetValue="true" IsAllowGetValue="true" OrderNo="20" VerifyRex="" Remark="" /&amp;gt;
    &amp;lt;Property Code="TargetAddress" Name="目标位置地址" PropertyValueType="System.String" PropertyEditor="" DropDownItems="" InitValue="" Category="Data" IsComplexValue="false" IsMust="false" IsAllowEditor="true" IsAllowHand="false" Visible="false" IsCommon="true" IsStyle="false" IsDataSource="false" IsDataMember="false" IsCanGenerateCode="true" IsNeedDeploy="true" IsAllowSetValue="true" IsAllowGetValue="true" OrderNo="21" VerifyRex="" Remark="" /&amp;gt;
    &amp;lt;Property Code="CurrentLng" Name="当前位置经度" PropertyValueType="System.String" PropertyEditor="" DropDownItems="" InitValue="" Category="Data" IsComplexValue="false" IsMust="false" IsAllowEditor="true" IsAllowHand="false" Visible="false" IsCommon="true" IsStyle="false" IsDataSource="false" IsDataMember="false" IsCanGenerateCode="true" IsNeedDeploy="true" IsAllowSetValue="false" IsAllowGetValue="true" OrderNo="22" VerifyRex="" Remark="" /&amp;gt;
    &amp;lt;Property Code="CurrentLat" Name="当前位置纬度" PropertyValueType="System.String" PropertyEditor="" DropDownItems="" InitValue="" Category="Data" IsComplexValue="false" IsMust="false" IsAllowEditor="true" IsAllowHand="false" Visible="false" IsCommon="true" IsStyle="false" IsDataSource="false" IsDataMember="false" IsCanGenerateCode="true" IsNeedDeploy="true" IsAllowSetValue="false" IsAllowGetValue="true" OrderNo="23" VerifyRex="" Remark="" /&amp;gt;
    &amp;lt;Property Code="Keyword" Name="关键字" PropertyValueType="System.String" PropertyEditor="" DropDownItems="" InitValue="" Category="Data" IsComplexValue="false" IsMust="false" IsAllowEditor="true" IsAllowHand="false" Visible="false" IsCommon="true" IsStyle="false" IsDataSource="false" IsDataMember="false" IsCanGenerateCode="true" IsNeedDeploy="true" IsAllowSetValue="true" IsAllowGetValue="false" OrderNo="24" VerifyRex="" Remark="" /&amp;gt;
  &amp;lt;/Propertys&amp;gt;
&amp;lt;/Control&amp;gt;&lt;/ControlMeta&gt;
&lt;/MetaDataEntity&gt;</bundle-metadata>
      <provider />
      <description />
      <lastModified>1464701320000</lastModified>
    </bundle-info>
    <interface />
    <dependencies />
    <imports />
  </manifest>
</component>]]></LastDeployData>
</Deploy>